         w __deregister_frame_info
         w __register_frame_info
         w userAppExit
         w userAppInit
00000000 00000802 B __ctru_dev_utf16_buf
00000000 a shift
00000000 a shift
00000000 b _TLS_MODULE_BASE_
00000804 00000401 B __ctru_dev_path_buf
00100000 A __start__
00100000 T _start
00100008 T __service_ptr
0010000c T __apt_appid
00100010 T __heap_size
00100014 T __linear_heap_size
00100018 T __system_arglist
0010001c T __system_runflags
00100020 t startup
00100058 t ClearMem
0010006c t ClrLoop
00100094 T _init
001000ac T __aeabi_idiv
001000ac 00000220 T __divsi3
001000b4 t .divsi3_skip_div0_test
001002cc 00000020 T __aeabi_idivmod
001002ec 00000004 W __aeabi_idiv0
001002ec 00000004 W __aeabi_ldiv0
001002f0 T __aeabi_uldivmod
00100348 00000390 T strcmp
001006d0 T __aeabi_uidiv
001006d0 000001ec T __udivsi3
001006d0 t .udivsi3_skip_div0_test
001008bc 00000020 T __aeabi_uidivmod
001008dc T __aeabi_drsub
001008e4 000002b0 T __aeabi_dsub
001008e4 000002b0 T __subdf3
001008e8 000002ac T __adddf3
001008e8 000002ac T __aeabi_dadd
00100b94 00000024 T __aeabi_ui2d
00100b94 00000024 T __floatunsidf
00100bb8 00000028 T __aeabi_i2d
00100bb8 00000028 T __floatsidf
00100be0 00000048 T __aeabi_f2d
00100be0 00000048 T __extendsfdf2
00100c28 00000074 T __aeabi_ul2d
00100c28 00000074 T __floatundidf
00100c3c 00000060 T __aeabi_l2d
00100c3c 00000060 T __floatdidf
00100c9c t __do_global_dtors_aux
00100cdc t frame_dummy
00100d08 00000118 T main
00100e20 000001f4 t parseColor
00101014 000001ac T consoleDrawChar
001011c0 00000124 T consolePrintChar
001012e4 00000be4 T con_write
00101ec8 000000fc t newRow
00101fc4 00000168 T consoleInit
0010212c 000000b8 T consoleClear
001021e4 000000d0 t gfxPresentFramebuffer
001022b4 0000001c T gfxIsWide
001022d0 000000ec T gfxSetScreenFormat
001023bc 00000010 T gfxSetDoubleBuffering
001023cc 000000e0 T gfxInit
001024ac 00000010 T gfxInitDefault
001024bc 000000b4 T gfxExit
00102570 000000a0 T gfxGetFramebuffer
00102610 00000104 T gfxFlushBuffers
00102714 00000050 T gfxSwapBuffers
00102764 00000050 T gfxSwapBuffersGpu
001027b4 00000c64 t gspHardwareInit
00103418 00000248 T gspInit
00103660 000000f0 T gspExit
00103750 00000010 T gspHasGpuRight
00103760 000000a0 T gspPresentBuffer
00103800 00000044 T gspWaitForEvent
00103844 00000004 W gxCmdQueueInterrupt
00103848 00000158 t gspEventThreadMain
001039a0 00000050 T GSPGPU_FlushDataCache
001039f0 00000034 T GSPGPU_SetLcdForceBlack
00103a24 00000068 T GSPGPU_AcquireRight
00103a8c 00000048 T GSPGPU_ReleaseRight
00103ad4 0000007c T GSPGPU_ImportDisplayCaptureInfo
00103b50 0000002c T GSPGPU_SaveVramSysArea
00103b7c 0000002c T GSPGPU_RestoreVramSysArea
00103ba8 00000024 W hidShouldUseIrrst
00103bcc 0000018c T hidInit
00103d58 000000e8 T hidExit
00103e40 000002a4 T hidScanInput
001040e4 00000010 T hidKeysDown
001040f4 000001ac t aptConvertScreenForCapture
001042a0 00000008 W aptDspSleep
001042a8 00000004 W aptDspWakeup
001042ac 00000004 W aptDspCancel
001042b0 00000158 T aptSendCommand
00104408 00000044 t aptExitProcess
0010444c 0000038c T aptExit
001047d8 000000e0 T aptHandleSleep
001048b8 00000084 T APT_SleepIfShellClosed
0010493c 00000084 T aptSetSleepAllowed
001049c0 00000084 T APT_UnlockTransition
00104a48 000004a4 t aptEventHandler
00104eec 000000b0 T APT_ReceiveParameter
00104f9c 000000ac t aptReceiveParameter.constprop.0
00105048 000002ac t aptScreenTransfer
001052f4 00000320 t aptWaitForWakeUp.isra.0
00105614 000000f8 T aptJumpToHomeMenu
0010570c 00000048 T aptMainLoop
00105754 0000022c T aptInit
00105980 0000007c T APT_CheckNew3DS
001059fc 00000038 W __libctru_init
00105a34 00000170 W __system_initArgv
00105ba4 T svcControlMemory
00105bc4 T svcQueryMemory
00105bf4 T svcExitProcess
00105bfc T svcCreateThread
00105c1c T svcExitThread
00105c24 T svcSleepThread
00105c2c T svcReleaseMutex
00105c34 T svcCreateEvent
00105c48 T svcSignalEvent
00105c50 T svcClearEvent
00105c58 T svcMapMemoryBlock
00105c60 T svcUnmapMemoryBlock
00105c68 T svcCreateAddressArbiter
00105c7c T svcArbitrateAddressNoTimeout
00105c84 T svcCloseHandle
00105c8c T svcWaitSynchronization
00105c94 T svcWaitSynchronizationN
00105cbc T svcDuplicateHandle
00105cd0 T svcConnectToPort
00105ce4 T svcSendSyncRequest
00105cec T svcGetResourceLimit
00105d00 T svcGetResourceLimitLimitValues
00105d08 T svcGetResourceLimitCurrentValues
00105d10 T svcBreak
00105d18 W initSystem
00105d68 W __ctru_exit
00105d80 00000024 t addrMapNodeComparator(rbtree_node const*, rbtree_node const*)
00105da4 00000004 t addrMapNodeDestructor(rbtree_node*)
00105da8 0000024c T vramMemAlignAt
00105ff4 0000000c T vramAlloc
00106000 00000090 T vramFree
00106090 00000024 t addrMapNodeComparator(rbtree_node const*, rbtree_node const*)
001060b4 00000004 t addrMapNodeDestructor(rbtree_node*)
001060b8 00000120 T linearMemAlign
001061d8 00000008 T linearAlloc
001061e0 0000005c T linearFree
0010623c 00000080 T MemPool::CoalesceRight(MemBlock*)
001062bc 0000016c T MemPool::Allocate(MemChunk&, unsigned long, int)
00106428 000000fc T MemPool::Deallocate(MemChunk const&)
00106524 00000030 T MemPool::GetFreeSpace()
00106554 0000000c T __sync_init
00106560 00000018 T __sync_fini
00106578 0000002c T syncArbitrateAddress
001065a4 000000ac T LightLock_Lock
00106650 00000040 T LightLock_Unlock
00106690 00000030 T RecursiveLock_Lock
001066c0 00000054 T RecursiveLock_Unlock
00106714 00000040 T LightEvent_Init
00106754 000000a4 T LightEvent_Clear
001067f8 000000c8 T LightEvent_Signal
001068c0 00000050 T LightEvent_TryWait
00106910 000000a0 T LightEvent_Wait
001069b0 00000034 T __ctru_speedup_config
001069e4 0000012c T srvInit
00106b10 00000058 T srvExit
00106b68 00000060 T srvEnableNotification
00106bc8 000000a0 T srvGetServiceHandleDirect
00106c68 00000038 T srvGetServiceHandle
00106ca0 00000034 T srvSubscribe
00106cd4 00000060 T srvReceiveNotification
00106d34 00000038 T srvPublishToSubscriber
00106d6c 000001d8 T threadCreate
00106f44 0000002c T threadFree
00106f70 00000024 T threadJoin
00106f94 00000030 T threadGetCurrent
00106fc4 00000040 T threadExit
00107004 00000020 t _thread_begin
00107024 000000b4 t mappableFindAddressWithin
001070d8 00000028 T mappableInit
00107100 00000080 T mappableAlloc
00107180 00000004 T mappableFree
00107184 00000160 T irrstInit
001072e4 000000cc T irrstExit
001073b0 000000b4 T irrstScanInput
00107464 00000024 T irrstKeysHeld
00107488 0000000c T srvPmGetSessionHandle
00107494 00000074 T ptmSysmInit
00107508 0000003c T ptmSysmExit
00107544 00000034 T PTMSYSM_ConfigureNew3DSCPU
00107578 00000010 T rbtree_init
00107588 000001b0 t do_insert
00107738 00000008 T rbtree_insert
00107740 00000090 T rbtree_rotate
001077d0 00000318 T rbtree_remove
00107ae8 00000074 T rbtree_find
00107b5c 00000030 W __appInit
00107b8c 00000030 T __syscall_getreent
00107bbc 00000004 T __syscall_lock_acquire
00107bc0 00000004 T __syscall_lock_release
00107bc4 00000004 T __syscall_lock_acquire_recursive
00107bc8 00000004 T __syscall_lock_release_recursive
00107bcc 00000004 T __syscall_exit
00107bd0 00000050 T initThreadVars
00107c20 00000080 T __system_initSyscalls
00107ca0 000001e0 W __system_allocateHeaps
00107e80 00000030 W __appExit
00107eb0 00000090 W __libctru_exit
00107f40 00000084 W envGetHandle
00107fc4 00000050 W envDestroyHandles
00108014 00000014 t archive_link
00108028 00000014 t archive_dirreset
0010803c 00000014 t archive_chmod
00108050 00000024 t error_cmp
00108074 00000050 t archive_translate_error
001080c4 000000c8 t archive_seek
0010818c 0000007c t _archiveInit.part.0
00108208 000000c4 t archiveFindDevice.part.0
001082cc 00000280 t archive_utf16path
0010854c 0000009c t _archiveUnmountDeviceStruct.part.0
001085e8 00000014 t archive_fchmod
001085fc 00000014 t archive_statvfs
00108610 00000164 t _archiveMountDevice
00108774 000000e8 t archive_diropen
0010885c 000000a4 t archive_fstat
00108900 0000006c t archive_fsync
0010896c 0000006c t archive_close
001089d8 00000070 t archive_dirclose
00108a48 000000e8 t sdmc_statvfs
00108b30 000000ec t archive_chdir
00108c1c 0000007c t archive_ftruncate
00108c98 000000ac t archive_read
00108d44 000000a4 t archive_unlink
00108de8 000000bc t archive_rmdir
00108ea4 000000dc t archive_mkdir
00108f80 00000194 t archive_stat
00109114 00000160 t archive_dirnext
00109274 00000124 t archive_write
00109398 0000020c t archive_open
001095a4 00000278 t archive_rename
0010981c 0000019c T archiveMountSdmc
001099b8 00000054 T archiveUnmountAll
00109a0c 000000cc T fsInit
00109ad8 0000003c T fsExit
00109b14 00000060 T fsExemptFromSession
00109b74 00000050 T fsUnexemptFromSession
00109bc4 000000cc T FSUSER_OpenFile
00109c90 000000bc T FSUSER_DeleteFile
00109d4c 000000f8 T FSUSER_RenameFile
00109e44 000000bc T FSUSER_DeleteDirectory
00109f00 000000d4 T FSUSER_CreateFile
00109fd4 000000c4 T FSUSER_CreateDirectory
0010a098 000000f8 T FSUSER_RenameDirectory
0010a190 000000b4 T FSUSER_OpenDirectory
0010a244 00000094 T FSUSER_OpenArchive
0010a2d8 0000008c T FSUSER_CloseArchive
0010a364 00000074 T FSUSER_GetSdmcArchiveResource
0010a3d8 00000064 T FSUSER_IsSdmcWritable
0010a43c 00000058 T FSFILE_Read
0010a494 00000060 T FSFILE_Write
0010a4f4 00000038 T FSFILE_GetSize
0010a52c 00000028 T FSFILE_SetSize
0010a554 0000003c T FSFILE_Close
0010a590 00000024 T FSFILE_Flush
0010a5b4 00000050 T FSDIR_Read
0010a604 0000003c T FSDIR_Close
0010a640 0000005c T rbtree_node_next
0010a69c 000000c0 T utf8_to_utf16
0010a75c 0000013c T decode_utf8
0010a898 000000e8 T utf16_to_utf8
0010a980 T __aeabi_read_tp
0010a98c 00000054 T encode_utf16
0010a9e0 000000e0 T encode_utf8
0010aac0 00000064 T decode_utf16
0010ab24 00000120 T __udivmoddi4
0010ac44 00000034 T printf
0010ac78 00000020 T memalign
0010ac98 0000014c T _memalign_r
0010ade4 00000078 T bsearch
0010ae5c 00000074 T sscanf
0010aed0 00000044 T __sread
0010af14 00000008 T __seofread
0010af1c 00000068 T __swrite
0010af84 00000044 T __sseek
0010afc8 00000008 T __sclose
0010afd0 0000025c T setvbuf
0010b22c 00000004 W __call_exitprocs
0010b230 00000030 T exit
0010b260 000000f8 T _malloc_trim_r
0010b358 000002e8 T _free_r
0010b640 00000018 T malloc
0010b658 00000018 T free
0010b670 00000050 t get_arg
0010b6c0 00002bf8 T __ssvfscanf_r
0010e2b8 0000079c T _malloc_r
0010ea54 000000f4 T memset
0010eb48 0000000c T __malloc_lock
0010eb54 0000000c T __malloc_unlock
0010eb60 0000064c t get_arg
0010f1b0 00003378 T _vfprintf_r
00112528 000000b8 t __sbprintf
001125e0 00000090 T strlen
00112670 0000022c T __sflush_r
0011289c 00000094 T _fflush_r
00112930 000000e4 T strncat
00112a14 000000e4 T strncmp
00112af8 00000070 T _fwalk_sglue
00112b68 000000c4 T strncpy
00112c2c 0000001c t stdio_exit_handler
00112c48 0000005c t cleanup_stdio
00112ca4 00000154 t global_stdio_init.part.0
00112df8 0000005c T __sinit
00112e54 0000000c T __sfp_lock_acquire
00112e60 0000000c T __sfp_lock_release
00112e6c 00000048 T strnlen
00112eb4 00000064 t sulp
00112f18 000013a4 T _strtod_l
001142bc 0000003c T _strtod_r
001142f8 000001b0 t _strtol_l.part.0
001144a8 00000060 T _strtol_r
00114508 00000020 T realloc
00114528 000001d8 t _strtoul_l.isra.0
00114700 00000030 T _strtoul_r
00114730 00000034 T strtoul
00114764 00000024 T __locale_mb_cur_max
00114788 00000024 T _localeconv_r
001147ac 000000e0 T memchr
0011488c 000000f0 T __utf8_wctomb
0011497c 0000011c T memcpy
00114a98 000000dc T stpncpy
00114b74 00000084 T __libc_init_array
00114bf8 0000003c T __libc_fini_array
00114c34 0000000c T __errno
00114c40 00000010 T nan
00114c50 0000000c T nanf
00114c60 00000088 T frexp
00114ce8 00000234 t _strtoll_l.isra.0
00114f1c 00000030 T _strtoll_r
00114f4c 0000025c t _strtoull_l.isra.0
001151a8 00000030 T _strtoull_r
001151d8 00000008 T iswspace
001151e0 000000b4 T _mbrtowc_r
00115294 0000012c T __smakebuf_r
001153c0 0000008c T __swhatbuf_r
0011544c 000000a0 T _wcrtomb_r
001154ec 00000038 T iswspace_l
00115524 00000028 T _wcsrtombs_r
0011554c 00000064 T sprintf
001155b0 000000f0 T __sccl
001156a0 00000090 T category
00115730 0000064c t get_arg
00115d7c 00000030 T __sprint_r
00115dac 00002304 T _vfiprintf_r
001180b0 000000b8 t __sbprintf
00118168 0000018c T __ssprint_r
001182f4 000000e0 T _sungetc_r
001183d4 0000006c T __ssrefill_r
00118440 000000c4 T _sfread_r
00118504 00000138 T __swsetup_r
0011863c 000000f0 t rshift
0011872c 0000089c T __gethex
00118fc8 000001b4 t quorem
00119180 00001218 T _dtoa_r
0011a398 00000130 T strchr
0011a4c8 00000148 T _fclose_r
0011a610 0000064c t get_arg
0011ac60 00003324 T _svfprintf_r
0011df84 0000004c T __match
0011dfd0 0000029c T __hexnan
0011e26c 00000150 T memmove
0011e3bc 00000088 T _Balloc
0011e444 0000001c T _Bfree
0011e460 000000f4 T __multadd
0011e554 00000110 T __s2b
0011e664 00000060 T __hi0bits
0011e6c4 0000009c T __lo0bits
0011e760 000000a4 T __i2b
0011e804 00000204 T __multiply
0011ea08 00000128 T __pow5mult
0011eb30 00000140 T __lshift
0011ec70 00000058 T __mcmp
0011ecc8 000001fc T __mdiff
0011eec4 00000068 T __ulp
0011ef2c 000000d0 T __b2d
0011effc 00000124 T __d2b
0011f120 00000078 T __ratio
0011f198 00000088 T __copybits
0011f220 0000005c T __any_on
0011f27c 000004b4 T __sfvwrite_r
0011f730 000004a0 T _realloc_r
0011fbd0 000002f8 T __utf8_mbtowc
0011fec8 00000188 T _wcsnrtombs_l
00120050 00000064 T _wcsnrtombs_r
001200b4 000000a8 T __submore
0012015c 000000c0 T _calloc_r
0012021c 0000005c T __assert_func
00120278 0000003c T fiprintf
001202b4 00000014 T abort
001202c8 00000090 T _raise_r
00120358 00000018 T raise
00120370 00000020 T _exit
00120390 0000013c T chdir
001204cc 000001cc T _concatenate_path
00120698 00000078 T _fstat_r
00120710 00000014 T _getpid_r
00120724 0000002c T __getreent
00120750 0000003c T __get_handle
0012078c 000000f4 T _close_r
00120880 00000008 t null_write
00120888 00000018 T setDefaultDevice
001208a0 000000c8 T FindDevice
00120968 00000028 T RemoveDevice
00120990 0000009c T AddDevice
00120a2c 00000020 T GetDeviceOpTab
00120a4c 00000008 T _isatty_r
00120a54 00000014 T _kill_r
00120a68 00000084 T _lseek_r
00120aec 00000080 T _read_r
00120b6c 00000078 W _sbrk_r
00120be4 0000001c T __libc_lock_acquire
00120c00 0000001c T __libc_lock_release
00120c1c 0000001c T __libc_lock_acquire_recursive
00120c38 0000001c T __libc_lock_release_recursive
00120c54 00000080 T _write_r
00120cd4 00000038 T __aeabi_d2lz
00120cd4 00000038 T __fixdfdi
00120d10 00000040 T __aeabi_d2ulz
00120d10 00000040 T __fixunsdfdi
00120d50 00000048 T strrchr
00120d98 T _fini
00121274 r .LC2
00121340 00000080 r dotab_stdout
001213c0 00000018 r grayScale
001213d8 00000006 r colorCube
001213e0 00000030 r colorTable
00121410 00000008 r morton_y.2
00121418 00000008 r morton_x.3
00121420 00000008 r s_sleepWakeEvents.4
00121428 R default_font_bin
00121c28 R default_font_bin_end
00121c28 00000030 r error_table
00121c58 00000080 r archive_devoptab
00121d18 00000022 r basefix.0
00121d3c 00000010 r zeroes.0
00121d4c 00000010 r blanks.1
00121d5c 00000014 r fpinan.0
00121d70 00000014 r fpi.1
00121d88 00000028 r tinytens
00121db0 00000101 R _ctype_
00121eb4 00003528 r categories
001253dc 00000010 r zeroes.0
001253ec 00000010 r blanks.1
001253fc 0000006c R __action_table
00125468 0000006c R __state_table
001254d4 00000100 R __chclass
001255d4 00000100 R __hexdig
001256d4 00000010 r zeroes.0
001256e4 00000010 r blanks.1
001256f4 0000000c r p05.0
00125700 00000028 R __mprec_bigtens
00125728 000000c8 R __mprec_tens
001257f0 00000080 R dotab_stdnull
00125870 R __tdata_align
00125874 r __EH_FRAME_BEGIN__
00125874 R __exidx_end
00125874 R __exidx_start
00126000 0000000c D menuStuff
0012600c 00000008 D NOT_gate
00126014 00000008 D AND_gate
0012601c 00000001 d firstConsoleInit.0
00126020 00000004 D currentConsole
00126024 00000048 D defaultConsole
0012606c 00000004 d kCount
00126070 00000004 d kInterval
00126074 00000004 d kDelay
00126078 00000004 d aptChainloadDeliverArgSize
0012607c W __stacksize__
00126080 00000004 D __malloc_sbrk_base
00126084 00000004 D __malloc_trim_threshold
00126088 00000408 D __malloc_av_
00126490 0000000c D __sglue
0012649c 0000016c D __global_locale
00126608 00000004 D _impure_ptr
00126610 00000120 D _impure_data
00126730 00000400 d _current_working_directory
00126b30 00001000 d handles
00127b30 0000000c d __stderr_handle
00127b3c 0000000c d __stdout_handle
00127b48 0000000c d __stdin_handle
00127b54 0000008c D devoptab_list
00127be0 00000004 d defaultDevice
00127bec d _GLOBAL_OFFSET_TABLE_
00127bf8 d __frame_dummy_init_array_entry
00127bf8 D __init_array_start
00127bf8 B __preinit_array_end
00127bf8 B __preinit_array_start
00127bf8 D __tdata_lma
00127bf8 D __tdata_lma_end
00127bfc d __do_global_dtors_aux_fini_array_entry
00127bfc D __fini_array_start
00127bfc D __init_array_end
00127c00 D __bss_start__
00127c00 D __fini_array_end
00127c00 00000004 B menucount
00127c04 00000004 B menubar
00127c08 b completed.1
00127c0c b object.0
00127c24 00000048 B currentCopy
00127c6c 00000004 b screenAlloc
00127c70 00000004 b screenFree
00127c74 00000002 b gfxIsDoubleBuf
00127c78 00000002 b gfxCurBuf
00127c7a 00000001 b gfxIsVram
00127c7b 00000001 b gfxTopMode
00127c7c 00000002 b gfxFramebufferFormats
00127c80 00000004 b gfxBottomFramebufferMaxSize
00127c84 00000004 b gfxTopFramebufferMaxSize
00127c88 00000008 b gfxBottomFramebuffers
00127c90 00000008 b gfxTopFramebuffers
00127c98 00000007 b gspEventCbOneShot
00127ca0 0000001c b gspEventCbData
00127cbc 0000001c b gspEventCb
00127cd8 00000038 b gspEvents
00127d10 00000004 b gspLastEvent
00127d14 00000001 b gspRunEvents
00127d18 00000004 b gspEventThread
00127d1c 00000004 b gspEvent
00127d20 00000001 b gspGpuRight
00127d21 00000001 b gspThreadId
00127d24 00000004 b gspSharedMem
00127d28 00000004 b gspSharedMemHandle
00127d2c 00000004 b gspRefCount
00127d30 00000004 b gspGpuHandle
00127d34 00000001 b usingIrrst
00127d38 00000004 b hidRefCount
00127d3c 00000006 b gRate
00127d44 00000006 b aVec
00127d4c 00000004 b cPos
00127d50 00000004 b tPos
00127d54 00000004 b kRepeat
00127d58 00000004 b kUp
00127d5c 00000004 b kDown
00127d60 00000004 b kHeld
00127d64 00000004 b kOld
00127d68 00000004 B hidSharedMem
00127d6c 00000014 B hidEvents
00127d80 00000004 B hidMemHandle
00127d84 00000004 B hidHandle
00127d88 00000001 b flagValue.0
00127d89 00000001 b flagInit.1
00127d8c 00000004 b serviceName.6
00127d90 00000001 b aptChainloadFlags
00127d91 00000001 b aptChainloadMediatype
00127d94 00000020 b aptChainloadHmac
00127db4 00000300 b aptChainloadDeliverArg
001280b8 00000008 b aptChainloadTid
001280c0 00001000 b aptParameters
001290c0 00000004 b aptFlags
001290c4 00000001 b aptHomeButtonState
001290c8 00000004 b aptMessageFuncData
001290cc 00000004 b aptMessageFunc
001290d0 0000000c b aptFirstHook
001290dc 00000001 b aptEventHandlerThreadQuit
001290e0 00000004 b aptEventHandlerThread
001290e4 00000008 b aptSleepEvent
001290ec 00000008 b aptReceiveEvent
001290f4 00000008 b aptEvents
001290fc 00000004 b aptLockHandle
00129100 00000004 b aptRefCount
00129104 00000004 B __system_retAddr
00129108 00000004 B __system_argv
0012910c 00000004 B __system_argc
00129110 b saved_stack
00129118 00000008 b sVramPoolB
00129120 00000008 b sVramPoolA
00129128 0000000c b sAddrMap
00129138 00000008 b sLinearPool
00129140 0000000c b sAddrMap
0012914c 00000004 b arbiter
00129150 00000001 V __ctru_speedup
00129154 00000004 B __3dslink_host
00129158 00000004 b srvRefCount
0012915c 00000004 b srvHandle
00129160 00000004 b currentAddr
00129164 00000004 b maxAddr
00129168 00000004 b minAddr
0012916c 00000004 b irrstRefCount
00129170 00000004 b csPos
00129174 00000004 b kHeld
00129178 00000004 B irrstSharedMem
0012917c 00000004 B irrstEvent
00129180 00000004 B irrstMemHandle
00129184 00000004 B irrstHandle
00129188 00000004 b srvPmHandle
0012918c 00000004 b ptmSysmRefCount
00129190 00000004 b ptmSysmHandle
00129194 00000004 V __ctru_linear_heap_size
00129198 00000004 V __ctru_heap_size
0012919c 00000004 B __ctru_linear_heap
001291a0 00000004 B __ctru_heap
001291a8 000005c0 b archive_devices
00129768 00000004 b archive_device_cwd
0012976c 00000001 b archive_initialized
00129770 00000080 b fsExemptArchives
001297f0 00000004 b fsuRefCount
001297f4 00000004 b fsuHandle
001297f8 00000028 B __malloc_current_mallinfo
00129820 00000004 B __malloc_max_total_mem
00129824 00000004 B __malloc_max_sbrked_mem
00129828 00000004 B __malloc_top_pad
0012982c 0000000c b __malloc_recursive_mutex
00129838 0000000c b __sfp_recursive_mutex
00129848 00000168 B __sf
001299b0 00000004 B __stdio_exit_handler
001299b4 00000400 b temp_cwd
00129db4 00000004 b __hndl_lock
00129db8 00000004 B fake_heap_start
00129dbc 00000004 B fake_heap_end
00129dc0 00000004 b heap_start.0
00129dc4 B __tls_start
0012a9cc B __bss_end__
0012a9cc A __end__
0012a9cc B __tls_end
